# JRE version: Java(TM) SE Runtime Environment (8.0_131-b11) (build 1.8.0_131-b11)
# Java VM: Java HotSpot(TM) 64-Bit Server VM (25.131-b11 mixed mode windows-amd64 compressed oops)
Heap:
 PSYoungGen      total 124416K, used 2516K [0x00000000d5f80000, 0x00000000de880000, 0x0000000100000000)
  eden space 109568K, 2% used [0x00000000d5f80000,0x00000000d61f5060,0x00000000dca80000)
  from space 14848K, 0% used [0x00000000dda00000,0x00000000dda00000,0x00000000de880000)
  to   space 15360K, 0% used [0x00000000dca80000,0x00000000dca80000,0x00000000dd980000)
 ParOldGen       total 64000K, used 27269K [0x0000000081e00000, 0x0000000085c80000, 0x00000000d5f80000)
  object space 64000K, 42% used [0x0000000081e00000,0x00000000838a17a8,0x0000000085c80000)
 Metaspace       used 23932K, capacity 24552K, committed 24752K, reserved 1071104K
  class space    used 2796K, capacity 2966K, committed 2992K, reserved 1048576K
GC Heap History (10 events):
Event: 14.148 GC heap after
Heap after GC invocations=9 (full 1):
 PSYoungGen      total 57856K, used 5468K [0x00000000d5f80000, 0x00000000dac80000, 0x0000000100000000)
  eden space 52224K, 0% used [0x00000000d5f80000,0x00000000d5f80000,0x00000000d9280000)
  from space 5632K, 97% used [0x00000000da700000,0x00000000dac57038,0x00000000dac80000)
  to   space 9216K, 0% used [0x00000000d9a80000,0x00000000d9a80000,0x00000000da380000)
 ParOldGen       total 64000K, used 13723K [0x0000000081e00000, 0x0000000085c80000, 0x00000000d5f80000)
  object space 64000K, 21% used [0x0000000081e00000,0x0000000082b66c80,0x0000000085c80000)
 Metaspace       used 23796K, capacity 24414K, committed 24496K, reserved 1071104K
  class space    used 2790K, capacity 2964K, committed 2992K, reserved 1048576K
}
Event: 14.518 GC heap before
{Heap before GC invocations=10 (full 1):
 PSYoungGen      total 57856K, used 57692K [0x00000000d5f80000, 0x00000000dac80000, 0x0000000100000000)
  eden space 52224K, 100% used [0x00000000d5f80000,0x00000000d9280000,0x00000000d9280000)
  from space 5632K, 97% used [0x00000000da700000,0x00000000dac57038,0x00000000dac80000)
  to   space 9216K, 0% used [0x00000000d9a80000,0x00000000d9a80000,0x00000000da380000)
 ParOldGen       total 64000K, used 13723K [0x0000000081e00000, 0x0000000085c80000, 0x00000000d5f80000)
  object space 64000K, 21% used [0x0000000081e00000,0x0000000082b66c80,0x0000000085c80000)
 Metaspace       used 23879K, capacity 24542K, committed 24752K, reserved 1071104K
  class space    used 2790K, capacity 2964K, committed 2992K, reserved 1048576K
Event: 14.543 GC heap after
Heap after GC invocations=10 (full 1):
 PSYoungGen      total 69632K, used 9190K [0x00000000d5f80000, 0x00000000dbf00000, 0x0000000100000000)
  eden space 60416K, 0% used [0x00000000d5f80000,0x00000000d5f80000,0x00000000d9a80000)
  from space 9216K, 99% used [0x00000000d9a80000,0x00000000da379858,0x00000000da380000)
  to   space 10752K, 0% used [0x00000000db480000,0x00000000db480000,0x00000000dbf00000)
 ParOldGen       total 64000K, used 16782K [0x0000000081e00000, 0x0000000085c80000, 0x00000000d5f80000)
  object space 64000K, 26% used [0x0000000081e00000,0x0000000082e63ab8,0x0000000085c80000)
 Metaspace       used 23879K, capacity 24542K, committed 24752K, reserved 1071104K
  class space    used 2790K, capacity 2964K, committed 2992K, reserved 1048576K
}
Event: 15.009 GC heap before
{Heap before GC invocations=11 (full 1):
 PSYoungGen      total 69632K, used 69606K [0x00000000d5f80000, 0x00000000dbf00000, 0x0000000100000000)
  eden space 60416K, 100% used [0x00000000d5f80000,0x00000000d9a80000,0x00000000d9a80000)
  from space 9216K, 99% used [0x00000000d9a80000,0x00000000da379858,0x00000000da380000)
  to   space 10752K, 0% used [0x00000000db480000,0x00000000db480000,0x00000000dbf00000)
 ParOldGen       total 64000K, used 16782K [0x0000000081e00000, 0x0000000085c80000, 0x00000000d5f80000)
  object space 64000K, 26% used [0x0000000081e00000,0x0000000082e63ab8,0x0000000085c80000)
 Metaspace       used 23901K, capacity 24552K, committed 24752K, reserved 1071104K
  class space    used 2793K, capacity 2966K, committed 2992K, reserved 1048576K
Event: 15.040 GC heap after
Heap after GC invocations=11 (full 1):
 PSYoungGen      total 84480K, used 10734K [0x00000000d5f80000, 0x00000000dd100000, 0x0000000100000000)
  eden space 73728K, 0% used [0x00000000d5f80000,0x00000000d5f80000,0x00000000da780000)
  from space 10752K, 99% used [0x00000000db480000,0x00000000dbefbbf8,0x00000000dbf00000)
  to   space 13312K, 0% used [0x00000000da780000,0x00000000da780000,0x00000000db480000)
 ParOldGen       total 64000K, used 21097K [0x0000000081e00000, 0x0000000085c80000, 0x00000000d5f80000)
  object space 64000K, 32% used [0x0000000081e00000,0x000000008329a510,0x0000000085c80000)
 Metaspace       used 23901K, capacity 24552K, committed 24752K, reserved 1071104K
  class space    used 2793K, capacity 2966K, committed 2992K, reserved 1048576K
}
Event: 15.462 GC heap before
{Heap before GC invocations=12 (full 1):
 PSYoungGen      total 84480K, used 84462K [0x00000000d5f80000, 0x00000000dd100000, 0x0000000100000000)
  eden space 73728K, 100% used [0x00000000d5f80000,0x00000000da780000,0x00000000da780000)
  from space 10752K, 99% used [0x00000000db480000,0x00000000dbefbbf8,0x00000000dbf00000)
  to   space 13312K, 0% used [0x00000000da780000,0x00000000da780000,0x00000000db480000)
 ParOldGen       total 64000K, used 21097K [0x0000000081e00000, 0x0000000085c80000, 0x00000000d5f80000)
  object space 64000K, 32% used [0x0000000081e00000,0x000000008329a510,0x0000000085c80000)
 Metaspace       used 23908K, capacity 24552K, committed 24752K, reserved 1071104K
  class space    used 2793K, capacity 2966K, committed 2992K, reserved 1048576K
Event: 15.481 GC heap after
Heap after GC invocations=12 (full 1):
 PSYoungGen      total 87040K, used 13280K [0x00000000d5f80000, 0x00000000de980000, 0x0000000100000000)
  eden space 73728K, 0% used [0x00000000d5f80000,0x00000000d5f80000,0x00000000da780000)
  from space 13312K, 99% used [0x00000000da780000,0x00000000db478358,0x00000000db480000)
  to   space 15872K, 0% used [0x00000000dda00000,0x00000000dda00000,0x00000000de980000)
 ParOldGen       total 64000K, used 23997K [0x0000000081e00000, 0x0000000085c80000, 0x00000000d5f80000)
  object space 64000K, 37% used [0x0000000081e00000,0x000000008356f498,0x0000000085c80000)
 Metaspace       used 23908K, capacity 24552K, committed 24752K, reserved 1071104K
  class space    used 2793K, capacity 2966K, committed 2992K, reserved 1048576K
}
Event: 15.720 GC heap before
{Heap before GC invocations=13 (full 1):
 PSYoungGen      total 87040K, used 59164K [0x00000000d5f80000, 0x00000000de980000, 0x0000000100000000)
  eden space 73728K, 62% used [0x00000000d5f80000,0x00000000d8c4ee30,0x00000000da780000)
  from space 13312K, 99% used [0x00000000da780000,0x00000000db478358,0x00000000db480000)
  to   space 15872K, 0% used [0x00000000dda00000,0x00000000dda00000,0x00000000de980000)
 ParOldGen       total 64000K, used 23997K [0x0000000081e00000, 0x0000000085c80000, 0x00000000d5f80000)
  object space 64000K, 37% used [0x0000000081e00000,0x000000008356f498,0x0000000085c80000)
 Metaspace       used 23921K, capacity 24552K, committed 24752K, reserved 1071104K
  class space    used 2795K, capacity 2966K, committed 2992K, reserved 1048576K
Event: 15.736 GC heap after
Heap after GC invocations=13 (full 1):
 PSYoungGen      total 124416K, used 8719K [0x00000000d5f80000, 0x00000000de880000, 0x0000000100000000)
  eden space 109568K, 0% used [0x00000000d5f80000,0x00000000d5f80000,0x00000000dca80000)
  from space 14848K, 58% used [0x00000000dda00000,0x00000000de283c48,0x00000000de880000)
  to   space 15360K, 0% used [0x00000000dca80000,0x00000000dca80000,0x00000000dd980000)
 ParOldGen       total 64000K, used 26193K [0x0000000081e00000, 0x0000000085c80000, 0x00000000d5f80000)
  object space 64000K, 40% used [0x0000000081e00000,0x0000000083794778,0x0000000085c80000)
 Metaspace       used 23921K, capacity 24552K, committed 24752K, reserved 1071104K
  class space    used 2795K, capacity 2966K, committed 2992K, reserved 1048576K
}
Event: 15.736 GC heap before
{Heap before GC invocations=14 (full 2):
 PSYoungGen      total 124416K, used 8719K [0x00000000d5f80000, 0x00000000de880000, 0x0000000100000000)
  eden space 109568K, 0% used [0x00000000d5f80000,0x00000000d5f80000,0x00000000dca80000)
  from space 14848K, 58% used [0x00000000dda00000,0x00000000de283c48,0x00000000de880000)
  to   space 15360K, 0% used [0x00000000dca80000,0x00000000dca80000,0x00000000dd980000)
 ParOldGen       total 64000K, used 26193K [0x0000000081e00000, 0x0000000085c80000, 0x00000000d5f80000)
  object space 64000K, 40% used [0x0000000081e00000,0x0000000083794778,0x0000000085c80000)
 Metaspace       used 23921K, capacity 24552K, committed 24752K, reserved 1071104K
  class space    used 2795K, capacity 2966K, committed 2992K, reserved 1048576K

