# JRE version: Java(TM) SE Runtime Environment (8.0_131-b11) (build 1.8.0_131-b11)
# Java VM: Java HotSpot(TM) 64-Bit Server VM (25.131-b11 mixed mode windows-amd64 compressed oops)
Heap:
 PSYoungGen      total 244736K, used 136549K [0x00000000d5f80000, 0x00000000e7080000, 0x0000000100000000)
  eden space 217600K, 52% used [0x00000000d5f80000,0x00000000dce6ee40,0x00000000e3400000)
  from space 27136K, 84% used [0x00000000e5100000,0x00000000e676a6d0,0x00000000e6b80000)
  to   space 29696K, 0% used [0x00000000e3400000,0x00000000e3400000,0x00000000e5100000)
 ParOldGen       total 68096K, used 42114K [0x0000000081e00000, 0x0000000086080000, 0x00000000d5f80000)
  object space 68096K, 61% used [0x0000000081e00000,0x0000000084720b98,0x0000000086080000)
 Metaspace       used 33169K, capacity 33904K, committed 34224K, reserved 1079296K
  class space    used 3948K, capacity 4164K, committed 4272K, reserved 1048576K
GC Heap History (10 events):
Event: 19.587 GC heap before
{Heap before GC invocations=9 (full 1):
 PSYoungGen      total 75264K, used 75252K [0x00000000d5f80000, 0x00000000ddd80000, 0x0000000100000000)
  eden space 65024K, 100% used [0x00000000d5f80000,0x00000000d9f00000,0x00000000d9f00000)
  from space 10240K, 99% used [0x00000000d9f00000,0x00000000da8fd1f8,0x00000000da900000)
  to   space 12288K, 0% used [0x00000000dd180000,0x00000000dd180000,0x00000000ddd80000)
 ParOldGen       total 68096K, used 18756K [0x0000000081e00000, 0x0000000086080000, 0x00000000d5f80000)
  object space 68096K, 27% used [0x0000000081e00000,0x0000000083051378,0x0000000086080000)
 Metaspace       used 23857K, capacity 24478K, committed 24752K, reserved 1071104K
  class space    used 2787K, capacity 2964K, committed 2992K, reserved 1048576K
Event: 19.607 GC heap after
Heap after GC invocations=9 (full 1):
 PSYoungGen      total 114176K, used 12282K [0x00000000d5f80000, 0x00000000de980000, 0x0000000100000000)
  eden space 101888K, 0% used [0x00000000d5f80000,0x00000000d5f80000,0x00000000dc300000)
  from space 12288K, 99% used [0x00000000dd180000,0x00000000ddd7eb58,0x00000000ddd80000)
  to   space 14848K, 0% used [0x00000000dc300000,0x00000000dc300000,0x00000000dd180000)
 ParOldGen       total 68096K, used 22025K [0x0000000081e00000, 0x0000000086080000, 0x00000000d5f80000)
  object space 68096K, 32% used [0x0000000081e00000,0x0000000083382680,0x0000000086080000)
 Metaspace       used 23857K, capacity 24478K, committed 24752K, reserved 1071104K
  class space    used 2787K, capacity 2964K, committed 2992K, reserved 1048576K
}
Event: 20.237 GC heap before
{Heap before GC invocations=10 (full 1):
 PSYoungGen      total 114176K, used 114170K [0x00000000d5f80000, 0x00000000de980000, 0x0000000100000000)
  eden space 101888K, 100% used [0x00000000d5f80000,0x00000000dc300000,0x00000000dc300000)
  from space 12288K, 99% used [0x00000000dd180000,0x00000000ddd7eb58,0x00000000ddd80000)
  to   space 14848K, 0% used [0x00000000dc300000,0x00000000dc300000,0x00000000dd180000)
 ParOldGen       total 68096K, used 22025K [0x0000000081e00000, 0x0000000086080000, 0x00000000d5f80000)
  object space 68096K, 32% used [0x0000000081e00000,0x0000000083382680,0x0000000086080000)
 Metaspace       used 23861K, capacity 24478K, committed 24752K, reserved 1071104K
  class space    used 2787K, capacity 2964K, committed 2992K, reserved 1048576K
Event: 20.282 GC heap after
Heap after GC invocations=10 (full 1):
 PSYoungGen      total 116736K, used 14834K [0x00000000d5f80000, 0x00000000e1800000, 0x0000000100000000)
  eden space 101888K, 0% used [0x00000000d5f80000,0x00000000d5f80000,0x00000000dc300000)
  from space 14848K, 99% used [0x00000000dc300000,0x00000000dd17ca10,0x00000000dd180000)
  to   space 19456K, 0% used [0x00000000e0500000,0x00000000e0500000,0x00000000e1800000)
 ParOldGen       total 68096K, used 29428K [0x0000000081e00000, 0x0000000086080000, 0x00000000d5f80000)
  object space 68096K, 43% used [0x0000000081e00000,0x0000000083abd170,0x0000000086080000)
 Metaspace       used 23861K, capacity 24478K, committed 24752K, reserved 1071104K
  class space    used 2787K, capacity 2964K, committed 2992K, reserved 1048576K
}
Event: 20.712 GC heap before
{Heap before GC invocations=11 (full 1):
 PSYoungGen      total 116736K, used 116722K [0x00000000d5f80000, 0x00000000e1800000, 0x0000000100000000)
  eden space 101888K, 100% used [0x00000000d5f80000,0x00000000dc300000,0x00000000dc300000)
  from space 14848K, 99% used [0x00000000dc300000,0x00000000dd17ca10,0x00000000dd180000)
  to   space 19456K, 0% used [0x00000000e0500000,0x00000000e0500000,0x00000000e1800000)
 ParOldGen       total 68096K, used 29428K [0x0000000081e00000, 0x0000000086080000, 0x00000000d5f80000)
  object space 68096K, 43% used [0x0000000081e00000,0x0000000083abd170,0x0000000086080000)
 Metaspace       used 23863K, capacity 24478K, committed 24752K, reserved 1071104K
  class space    used 2787K, capacity 2964K, committed 2992K, reserved 1048576K
Event: 20.764 GC heap after
Heap after GC invocations=11 (full 1):
 PSYoungGen      total 164864K, used 19442K [0x00000000d5f80000, 0x00000000e2500000, 0x0000000100000000)
  eden space 145408K, 0% used [0x00000000d5f80000,0x00000000d5f80000,0x00000000ded80000)
  from space 19456K, 99% used [0x00000000e0500000,0x00000000e17fcaa0,0x00000000e1800000)
  to   space 24064K, 0% used [0x00000000ded80000,0x00000000ded80000,0x00000000e0500000)
 ParOldGen       total 68096K, used 34844K [0x0000000081e00000, 0x0000000086080000, 0x00000000d5f80000)
  object space 68096K, 51% used [0x0000000081e00000,0x00000000840072f8,0x0000000086080000)
 Metaspace       used 23863K, capacity 24478K, committed 24752K, reserved 1071104K
  class space    used 2787K, capacity 2964K, committed 2992K, reserved 1048576K
}
Event: 21.511 GC heap before
{Heap before GC invocations=12 (full 1):
 PSYoungGen      total 164864K, used 164850K [0x00000000d5f80000, 0x00000000e2500000, 0x0000000100000000)
  eden space 145408K, 100% used [0x00000000d5f80000,0x00000000ded80000,0x00000000ded80000)
  from space 19456K, 99% used [0x00000000e0500000,0x00000000e17fcaa0,0x00000000e1800000)
  to   space 24064K, 0% used [0x00000000ded80000,0x00000000ded80000,0x00000000e0500000)
 ParOldGen       total 68096K, used 34844K [0x0000000081e00000, 0x0000000086080000, 0x00000000d5f80000)
  object space 68096K, 51% used [0x0000000081e00000,0x00000000840072f8,0x0000000086080000)
 Metaspace       used 23882K, capacity 24482K, committed 24752K, reserved 1071104K
  class space    used 2789K, capacity 2964K, committed 2992K, reserved 1048576K
Event: 21.559 GC heap after
Heap after GC invocations=12 (full 1):
 PSYoungGen      total 169472K, used 24039K [0x00000000d5f80000, 0x00000000e6b80000, 0x0000000100000000)
  eden space 145408K, 0% used [0x00000000d5f80000,0x00000000d5f80000,0x00000000ded80000)
  from space 24064K, 99% used [0x00000000ded80000,0x00000000e04f9f78,0x00000000e0500000)
  to   space 27136K, 0% used [0x00000000e5100000,0x00000000e5100000,0x00000000e6b80000)
 ParOldGen       total 68096K, used 38255K [0x0000000081e00000, 0x0000000086080000, 0x00000000d5f80000)
  object space 68096K, 56% used [0x0000000081e00000,0x000000008435bdc0,0x0000000086080000)
 Metaspace       used 23882K, capacity 24482K, committed 24752K, reserved 1071104K
  class space    used 2789K, capacity 2964K, committed 2992K, reserved 1048576K
}
Event: 22.392 GC heap before
{Heap before GC invocations=13 (full 1):
 PSYoungGen      total 169472K, used 169447K [0x00000000d5f80000, 0x00000000e6b80000, 0x0000000100000000)
  eden space 145408K, 100% used [0x00000000d5f80000,0x00000000ded80000,0x00000000ded80000)
  from space 24064K, 99% used [0x00000000ded80000,0x00000000e04f9f78,0x00000000e0500000)
  to   space 27136K, 0% used [0x00000000e5100000,0x00000000e5100000,0x00000000e6b80000)
 ParOldGen       total 68096K, used 38255K [0x0000000081e00000, 0x0000000086080000, 0x00000000d5f80000)
  object space 68096K, 56% used [0x0000000081e00000,0x000000008435bdc0,0x0000000086080000)
 Metaspace       used 23895K, capacity 24556K, committed 24752K, reserved 1071104K
  class space    used 2791K, capacity 2966K, committed 2992K, reserved 1048576K
Event: 22.442 GC heap after
Heap after GC invocations=13 (full 1):
 PSYoungGen      total 244736K, used 22953K [0x00000000d5f80000, 0x00000000e7080000, 0x0000000100000000)
  eden space 217600K, 0% used [0x00000000d5f80000,0x00000000d5f80000,0x00000000e3400000)
  from space 27136K, 84% used [0x00000000e5100000,0x00000000e676a6d0,0x00000000e6b80000)
  to   space 29696K, 0% used [0x00000000e3400000,0x00000000e3400000,0x00000000e5100000)
 ParOldGen       total 68096K, used 42114K [0x0000000081e00000, 0x0000000086080000, 0x00000000d5f80000)
  object space 68096K, 61% used [0x0000000081e00000,0x0000000084720b98,0x0000000086080000)
 Metaspace       used 23895K, capacity 24556K, committed 24752K, reserved 1071104K
  class space    used 2791K, capacity 2966K, committed 2992K, reserved 1048576K
}

