# JRE version: Java(TM) SE Runtime Environment (8.0_131-b11) (build 1.8.0_131-b11)
# Java VM: Java HotSpot(TM) 64-Bit Server VM (25.131-b11 mixed mode windows-amd64 compressed oops)
Heap:
 PSYoungGen      total 142848K, used 50163K [0x00000000d5f80000, 0x00000000df580000, 0x0000000100000000)
  eden space 133120K, 30% used [0x00000000d5f80000,0x00000000d8702cc8,0x00000000de180000)
  from space 9728K, 99% used [0x00000000dec00000,0x00000000df57a098,0x00000000df580000)
  to   space 10240K, 0% used [0x00000000de180000,0x00000000de180000,0x00000000deb80000)
 ParOldGen       total 64000K, used 40758K [0x0000000081e00000, 0x0000000085c80000, 0x00000000d5f80000)
  object space 64000K, 63% used [0x0000000081e00000,0x00000000845cdad8,0x0000000085c80000)
 Metaspace       used 23884K, capacity 24446K, committed 24752K, reserved 1071104K
  class space    used 2785K, capacity 2932K, committed 2992K, reserved 1048576K
GC Heap History (10 events):
Event: 8.377 GC heap before
{Heap before GC invocations=5 (full 0):
 PSYoungGen      total 71680K, used 71680K [0x00000000d5f80000, 0x00000000daa80000, 0x0000000100000000)
  eden space 66560K, 100% used [0x00000000d5f80000,0x00000000da080000,0x00000000da080000)
  from space 5120K, 100% used [0x00000000da580000,0x00000000daa80000,0x00000000daa80000)
  to   space 5120K, 0% used [0x00000000da080000,0x00000000da080000,0x00000000da580000)
 ParOldGen       total 87552K, used 8384K [0x0000000081e00000, 0x0000000087380000, 0x00000000d5f80000)
  object space 87552K, 9% used [0x0000000081e00000,0x0000000082630210,0x0000000087380000)
 Metaspace       used 17876K, capacity 18434K, committed 18688K, reserved 1064960K
  class space    used 2086K, capacity 2229K, committed 2304K, reserved 1048576K
Event: 8.405 GC heap after
Heap after GC invocations=5 (full 0):
 PSYoungGen      total 71680K, used 5104K [0x00000000d5f80000, 0x00000000df680000, 0x0000000100000000)
  eden space 66560K, 0% used [0x00000000d5f80000,0x00000000d5f80000,0x00000000da080000)
  from space 5120K, 99% used [0x00000000da080000,0x00000000da57c010,0x00000000da580000)
  to   space 10752K, 0% used [0x00000000dec00000,0x00000000dec00000,0x00000000df680000)
 ParOldGen       total 87552K, used 13272K [0x0000000081e00000, 0x0000000087380000, 0x00000000d5f80000)
  object space 87552K, 15% used [0x0000000081e00000,0x0000000082af62c0,0x0000000087380000)
 Metaspace       used 17876K, capacity 18434K, committed 18688K, reserved 1064960K
  class space    used 2086K, capacity 2229K, committed 2304K, reserved 1048576K
}
Event: 8.883 GC heap before
{Heap before GC invocations=6 (full 0):
 PSYoungGen      total 71680K, used 23814K [0x00000000d5f80000, 0x00000000df680000, 0x0000000100000000)
  eden space 66560K, 28% used [0x00000000d5f80000,0x00000000d71c5870,0x00000000da080000)
  from space 5120K, 99% used [0x00000000da080000,0x00000000da57c010,0x00000000da580000)
  to   space 10752K, 0% used [0x00000000dec00000,0x00000000dec00000,0x00000000df680000)
 ParOldGen       total 87552K, used 13272K [0x0000000081e00000, 0x0000000087380000, 0x00000000d5f80000)
  object space 87552K, 15% used [0x0000000081e00000,0x0000000082af62c0,0x0000000087380000)
 Metaspace       used 20678K, capacity 21178K, committed 21296K, reserved 1069056K
  class space    used 2438K, capacity 2589K, committed 2608K, reserved 1048576K
Event: 8.900 GC heap after
Heap after GC invocations=6 (full 0):
 PSYoungGen      total 142848K, used 7717K [0x00000000d5f80000, 0x00000000df580000, 0x0000000100000000)
  eden space 133120K, 0% used [0x00000000d5f80000,0x00000000d5f80000,0x00000000de180000)
  from space 9728K, 79% used [0x00000000dec00000,0x00000000df3894c8,0x00000000df580000)
  to   space 10240K, 0% used [0x00000000de180000,0x00000000de180000,0x00000000deb80000)
 ParOldGen       total 87552K, used 13272K [0x0000000081e00000, 0x0000000087380000, 0x00000000d5f80000)
  object space 87552K, 15% used [0x0000000081e00000,0x0000000082af62c0,0x0000000087380000)
 Metaspace       used 20678K, capacity 21178K, committed 21296K, reserved 1069056K
  class space    used 2438K, capacity 2589K, committed 2608K, reserved 1048576K
}
Event: 8.900 GC heap before
{Heap before GC invocations=7 (full 1):
 PSYoungGen      total 142848K, used 7717K [0x00000000d5f80000, 0x00000000df580000, 0x0000000100000000)
  eden space 133120K, 0% used [0x00000000d5f80000,0x00000000d5f80000,0x00000000de180000)
  from space 9728K, 79% used [0x00000000dec00000,0x00000000df3894c8,0x00000000df580000)
  to   space 10240K, 0% used [0x00000000de180000,0x00000000de180000,0x00000000deb80000)
 ParOldGen       total 87552K, used 13272K [0x0000000081e00000, 0x0000000087380000, 0x00000000d5f80000)
  object space 87552K, 15% used [0x0000000081e00000,0x0000000082af62c0,0x0000000087380000)
 Metaspace       used 20678K, capacity 21178K, committed 21296K, reserved 1069056K
  class space    used 2438K, capacity 2589K, committed 2608K, reserved 1048576K
Event: 8.986 GC heap after
Heap after GC invocations=7 (full 1):
 PSYoungGen      total 142848K, used 0K [0x00000000d5f80000, 0x00000000df580000, 0x0000000100000000)
  eden space 133120K, 0% used [0x00000000d5f80000,0x00000000d5f80000,0x00000000de180000)
  from space 9728K, 0% used [0x00000000dec00000,0x00000000dec00000,0x00000000df580000)
  to   space 10240K, 0% used [0x00000000de180000,0x00000000de180000,0x00000000deb80000)
 ParOldGen       total 64000K, used 13389K [0x0000000081e00000, 0x0000000085c80000, 0x00000000d5f80000)
  object space 64000K, 20% used [0x0000000081e00000,0x0000000082b13600,0x0000000085c80000)
 Metaspace       used 20678K, capacity 21178K, committed 21296K, reserved 1069056K
  class space    used 2438K, capacity 2589K, committed 2608K, reserved 1048576K
}
Event: 10.661 GC heap before
{Heap before GC invocations=8 (full 1):
 PSYoungGen      total 142848K, used 133120K [0x00000000d5f80000, 0x00000000df580000, 0x0000000100000000)
  eden space 133120K, 100% used [0x00000000d5f80000,0x00000000de180000,0x00000000de180000)
  from space 9728K, 0% used [0x00000000dec00000,0x00000000dec00000,0x00000000df580000)
  to   space 10240K, 0% used [0x00000000de180000,0x00000000de180000,0x00000000deb80000)
 ParOldGen       total 64000K, used 13389K [0x0000000081e00000, 0x0000000085c80000, 0x00000000d5f80000)
  object space 64000K, 20% used [0x0000000081e00000,0x0000000082b13600,0x0000000085c80000)
 Metaspace       used 23876K, capacity 24446K, committed 24752K, reserved 1071104K
  class space    used 2785K, capacity 2932K, committed 2992K, reserved 1048576K
Event: 10.694 GC heap after
Heap after GC invocations=8 (full 1):
 PSYoungGen      total 143360K, used 10216K [0x00000000d5f80000, 0x00000000df580000, 0x0000000100000000)
  eden space 133120K, 0% used [0x00000000d5f80000,0x00000000d5f80000,0x00000000de180000)
  from space 10240K, 99% used [0x00000000de180000,0x00000000deb7a150,0x00000000deb80000)
  to   space 9728K, 0% used [0x00000000dec00000,0x00000000dec00000,0x00000000df580000)
 ParOldGen       total 64000K, used 23892K [0x0000000081e00000, 0x0000000085c80000, 0x00000000d5f80000)
  object space 64000K, 37% used [0x0000000081e00000,0x00000000835551d8,0x0000000085c80000)
 Metaspace       used 23876K, capacity 24446K, committed 24752K, reserved 1071104K
  class space    used 2785K, capacity 2932K, committed 2992K, reserved 1048576K
}
Event: 11.511 GC heap before
{Heap before GC invocations=9 (full 1):
 PSYoungGen      total 143360K, used 143336K [0x00000000d5f80000, 0x00000000df580000, 0x0000000100000000)
  eden space 133120K, 100% used [0x00000000d5f80000,0x00000000de180000,0x00000000de180000)
  from space 10240K, 99% used [0x00000000de180000,0x00000000deb7a150,0x00000000deb80000)
  to   space 9728K, 0% used [0x00000000dec00000,0x00000000dec00000,0x00000000df580000)
 ParOldGen       total 64000K, used 23892K [0x0000000081e00000, 0x0000000085c80000, 0x00000000d5f80000)
  object space 64000K, 37% used [0x0000000081e00000,0x00000000835551d8,0x0000000085c80000)
 Metaspace       used 23881K, capacity 24446K, committed 24752K, reserved 1071104K
  class space    used 2785K, capacity 2932K, committed 2992K, reserved 1048576K
Event: 11.558 GC heap after
Heap after GC invocations=9 (full 1):
 PSYoungGen      total 142848K, used 9704K [0x00000000d5f80000, 0x00000000df580000, 0x0000000100000000)
  eden space 133120K, 0% used [0x00000000d5f80000,0x00000000d5f80000,0x00000000de180000)
  from space 9728K, 99% used [0x00000000dec00000,0x00000000df57a098,0x00000000df580000)
  to   space 10240K, 0% used [0x00000000de180000,0x00000000de180000,0x00000000deb80000)
 ParOldGen       total 64000K, used 40758K [0x0000000081e00000, 0x0000000085c80000, 0x00000000d5f80000)
  object space 64000K, 63% used [0x0000000081e00000,0x00000000845cdad8,0x0000000085c80000)
 Metaspace       used 23881K, capacity 24446K, committed 24752K, reserved 1071104K
  class space    used 2785K, capacity 2932K, committed 2992K, reserved 1048576K
}

