# JRE version: Java(TM) SE Runtime Environment (8.0_131-b11) (build 1.8.0_131-b11)
# Java VM: Java HotSpot(TM) 64-Bit Server VM (25.131-b11 mixed mode windows-amd64 compressed oops)
Heap:
 PSYoungGen      total 366592K, used 165490K [0x00000000d5f80000, 0x00000000ef200000, 0x0000000100000000)
  eden space 323072K, 51% used [0x00000000d5f80000,0x00000000e011c978,0x00000000e9b00000)
  from space 43520K, 0% used [0x00000000ec580000,0x00000000ec580000,0x00000000ef000000)
  to   space 43520K, 0% used [0x00000000e9b00000,0x00000000e9b00000,0x00000000ec580000)
 ParOldGen       total 134656K, used 35011K [0x0000000081e00000, 0x000000008a180000, 0x00000000d5f80000)
  object space 134656K, 26% used [0x0000000081e00000,0x0000000084030cc8,0x000000008a180000)
 Metaspace       used 47038K, capacity 48142K, committed 48304K, reserved 1091584K
  class space    used 5572K, capacity 5782K, committed 5808K, reserved 1048576K
GC Heap History (10 events):
Event: 13.828 GC heap before
{Heap before GC invocations=11 (full 1):
 PSYoungGen      total 207360K, used 207344K [0x00000000d5f80000, 0x00000000e8f00000, 0x0000000100000000)
  eden space 184320K, 100% used [0x00000000d5f80000,0x00000000e1380000,0x00000000e1380000)
  from space 23040K, 99% used [0x00000000e1380000,0x00000000e29fc008,0x00000000e2a00000)
  to   space 32256K, 0% used [0x00000000e6f80000,0x00000000e6f80000,0x00000000e8f00000)
 ParOldGen       total 72192K, used 50112K [0x0000000081e00000, 0x0000000086480000, 0x00000000d5f80000)
  object space 72192K, 69% used [0x0000000081e00000,0x0000000084ef0258,0x0000000086480000)
 Metaspace       used 23972K, capacity 24626K, committed 24752K, reserved 1071104K
  class space    used 2790K, capacity 2967K, committed 2992K, reserved 1048576K
Event: 13.901 GC heap after
Heap after GC invocations=11 (full 1):
 PSYoungGen      total 270848K, used 32252K [0x00000000d5f80000, 0x00000000ea380000, 0x0000000100000000)
  eden space 238592K, 0% used [0x00000000d5f80000,0x00000000d5f80000,0x00000000e4880000)
  from space 32256K, 99% used [0x00000000e6f80000,0x00000000e8eff270,0x00000000e8f00000)
  to   space 39936K, 0% used [0x00000000e4880000,0x00000000e4880000,0x00000000e6f80000)
 ParOldGen       total 72192K, used 58510K [0x0000000081e00000, 0x0000000086480000, 0x00000000d5f80000)
  object space 72192K, 81% used [0x0000000081e00000,0x0000000085723868,0x0000000086480000)
 Metaspace       used 23972K, capacity 24626K, committed 24752K, reserved 1071104K
  class space    used 2790K, capacity 2967K, committed 2992K, reserved 1048576K
}
Event: 13.901 GC heap before
{Heap before GC invocations=12 (full 2):
 PSYoungGen      total 270848K, used 32252K [0x00000000d5f80000, 0x00000000ea380000, 0x0000000100000000)
  eden space 238592K, 0% used [0x00000000d5f80000,0x00000000d5f80000,0x00000000e4880000)
  from space 32256K, 99% used [0x00000000e6f80000,0x00000000e8eff270,0x00000000e8f00000)
  to   space 39936K, 0% used [0x00000000e4880000,0x00000000e4880000,0x00000000e6f80000)
 ParOldGen       total 72192K, used 58510K [0x0000000081e00000, 0x0000000086480000, 0x00000000d5f80000)
  object space 72192K, 81% used [0x0000000081e00000,0x0000000085723868,0x0000000086480000)
 Metaspace       used 23972K, capacity 24626K, committed 24752K, reserved 1071104K
  class space    used 2790K, capacity 2967K, committed 2992K, reserved 1048576K
Event: 14.037 GC heap after
Heap after GC invocations=12 (full 2):
 PSYoungGen      total 270848K, used 0K [0x00000000d5f80000, 0x00000000ea380000, 0x0000000100000000)
  eden space 238592K, 0% used [0x00000000d5f80000,0x00000000d5f80000,0x00000000e4880000)
  from space 32256K, 0% used [0x00000000e6f80000,0x00000000e6f80000,0x00000000e8f00000)
  to   space 39936K, 0% used [0x00000000e4880000,0x00000000e4880000,0x00000000e6f80000)
 ParOldGen       total 136192K, used 52878K [0x0000000081e00000, 0x000000008a300000, 0x00000000d5f80000)
  object space 136192K, 38% used [0x0000000081e00000,0x00000000851a3808,0x000000008a300000)
 Metaspace       used 23972K, capacity 24626K, committed 24752K, reserved 1071104K
  class space    used 2790K, capacity 2967K, committed 2992K, reserved 1048576K
}
Event: 133.090 GC heap before
{Heap before GC invocations=13 (full 2):
 PSYoungGen      total 270848K, used 238592K [0x00000000d5f80000, 0x00000000ea380000, 0x0000000100000000)
  eden space 238592K, 100% used [0x00000000d5f80000,0x00000000e4880000,0x00000000e4880000)
  from space 32256K, 0% used [0x00000000e6f80000,0x00000000e6f80000,0x00000000e8f00000)
  to   space 39936K, 0% used [0x00000000e4880000,0x00000000e4880000,0x00000000e6f80000)
 ParOldGen       total 136192K, used 52878K [0x0000000081e00000, 0x000000008a300000, 0x00000000d5f80000)
  object space 136192K, 38% used [0x0000000081e00000,0x00000000851a3808,0x000000008a300000)
 Metaspace       used 36607K, capacity 37328K, committed 37680K, reserved 1083392K
  class space    used 4360K, capacity 4544K, committed 4656K, reserved 1048576K
Event: 133.146 GC heap after
Heap after GC invocations=13 (full 2):
 PSYoungGen      total 278528K, used 32853K [0x00000000d5f80000, 0x00000000ef000000, 0x0000000100000000)
  eden space 238592K, 0% used [0x00000000d5f80000,0x00000000d5f80000,0x00000000e4880000)
  from space 39936K, 82% used [0x00000000e4880000,0x00000000e68956d0,0x00000000e6f80000)
  to   space 43520K, 0% used [0x00000000ec580000,0x00000000ec580000,0x00000000ef000000)
 ParOldGen       total 136192K, used 52894K [0x0000000081e00000, 0x000000008a300000, 0x00000000d5f80000)
  object space 136192K, 38% used [0x0000000081e00000,0x00000000851a7808,0x000000008a300000)
 Metaspace       used 36607K, capacity 37328K, committed 37680K, reserved 1083392K
  class space    used 4360K, capacity 4544K, committed 4656K, reserved 1048576K
}
Event: 133.756 GC heap before
{Heap before GC invocations=14 (full 2):
 PSYoungGen      total 278528K, used 74178K [0x00000000d5f80000, 0x00000000ef000000, 0x0000000100000000)
  eden space 238592K, 17% used [0x00000000d5f80000,0x00000000d87db130,0x00000000e4880000)
  from space 39936K, 82% used [0x00000000e4880000,0x00000000e68956d0,0x00000000e6f80000)
  to   space 43520K, 0% used [0x00000000ec580000,0x00000000ec580000,0x00000000ef000000)
 ParOldGen       total 136192K, used 52894K [0x0000000081e00000, 0x000000008a300000, 0x00000000d5f80000)
  object space 136192K, 38% used [0x0000000081e00000,0x00000000851a7808,0x000000008a300000)
 Metaspace       used 40431K, capacity 41072K, committed 41256K, reserved 1085440K
  class space    used 4769K, capacity 4960K, committed 5040K, reserved 1048576K
Event: 133.781 GC heap after
Heap after GC invocations=14 (full 2):
 PSYoungGen      total 366592K, used 5047K [0x00000000d5f80000, 0x00000000ef200000, 0x0000000100000000)
  eden space 323072K, 0% used [0x00000000d5f80000,0x00000000d5f80000,0x00000000e9b00000)
  from space 43520K, 11% used [0x00000000ec580000,0x00000000eca6df38,0x00000000ef000000)
  to   space 43520K, 0% used [0x00000000e9b00000,0x00000000e9b00000,0x00000000ec580000)
 ParOldGen       total 136192K, used 68256K [0x0000000081e00000, 0x000000008a300000, 0x00000000d5f80000)
  object space 136192K, 50% used [0x0000000081e00000,0x00000000860a8048,0x000000008a300000)
 Metaspace       used 40431K, capacity 41072K, committed 41256K, reserved 1085440K
  class space    used 4769K, capacity 4960K, committed 5040K, reserved 1048576K
}
Event: 133.781 GC heap before
{Heap before GC invocations=15 (full 3):
 PSYoungGen      total 366592K, used 5047K [0x00000000d5f80000, 0x00000000ef200000, 0x0000000100000000)
  eden space 323072K, 0% used [0x00000000d5f80000,0x00000000d5f80000,0x00000000e9b00000)
  from space 43520K, 11% used [0x00000000ec580000,0x00000000eca6df38,0x00000000ef000000)
  to   space 43520K, 0% used [0x00000000e9b00000,0x00000000e9b00000,0x00000000ec580000)
 ParOldGen       total 136192K, used 68256K [0x0000000081e00000, 0x000000008a300000, 0x00000000d5f80000)
  object space 136192K, 50% used [0x0000000081e00000,0x00000000860a8048,0x000000008a300000)
 Metaspace       used 40431K, capacity 41072K, committed 41256K, reserved 1085440K
  class space    used 4769K, capacity 4960K, committed 5040K, reserved 1048576K
Event: 133.972 GC heap after
Heap after GC invocations=15 (full 3):
 PSYoungGen      total 366592K, used 0K [0x00000000d5f80000, 0x00000000ef200000, 0x0000000100000000)
  eden space 323072K, 0% used [0x00000000d5f80000,0x00000000d5f80000,0x00000000e9b00000)
  from space 43520K, 0% used [0x00000000ec580000,0x00000000ec580000,0x00000000ef000000)
  to   space 43520K, 0% used [0x00000000e9b00000,0x00000000e9b00000,0x00000000ec580000)
 ParOldGen       total 134656K, used 35011K [0x0000000081e00000, 0x000000008a180000, 0x00000000d5f80000)
  object space 134656K, 26% used [0x0000000081e00000,0x0000000084030cc8,0x000000008a180000)
 Metaspace       used 40431K, capacity 41072K, committed 41256K, reserved 1085440K
  class space    used 4769K, capacity 4960K, committed 5040K, reserved 1048576K
}

